[ 2017-05-19T11:23:14+08:00 ] 127.0.0.1 127.0.0.1 GET /admin
[ log ] dnds.cn/admin [运行时间：0.025001s][吞吐率：40.00req/s] [内存消耗：1,227.47kb] [文件加载：44]
[ info ] [ LANG ] E:\lxtx4\thinkphp\lang\zh-cn.php
[ info ] [ ROUTE ] array (
  'type' => 'module',
  'module' => 
  array (
    0 => 'admin',
    1 => NULL,
    2 => NULL,
  ),
)
[ info ] [ HEADER ] array (
  'accept-language' => 'zh-CN,zh;q=0.8',
  'accept-encoding' => 'gzip, deflate',
  'accept' => 'text/html,application/xhtml+xml,application/xml;q=0.9,image/webp,image/apng,*/*;q=0.8',
  'user-agent' => 'Mozilla/5.0 (Windows NT 6.1; WOW64) AppleWebKit/537.36 (KHTML, like Gecko) Chrome/60.0.3080.5 Safari/537.36',
  'upgrade-insecure-requests' => '1',
  'connection' => 'close',
  'host' => 'dnds.cn',
)
[ info ] [ PARAM ] array (
  '/admin' => '',
)
[ info ] [ SESSION ] INIT array (
  'id' => '',
  'var_session_id' => '',
  'prefix' => 'think',
  'type' => '',
  'auto_start' => true,
)
[ info ] [ LOG ] INIT File

---------------------------------------------------------------
[ 2017-05-19T11:23:14+08:00 ] 127.0.0.1 127.0.0.1 GET /index.php/admin/login/index.html
[ log ] dnds.cn/index.php/admin/login/index.html [运行时间：0.043003s][吞吐率：23.25req/s] [内存消耗：1,342.78kb] [文件加载：46]
[ info ] [ LANG ] E:\lxtx4\thinkphp\lang\zh-cn.php
[ info ] [ ROUTE ] array (
  'type' => 'module',
  'module' => 
  array (
    0 => 'admin',
    1 => 'login',
    2 => 'index',
  ),
)
[ info ] [ HEADER ] array (
  'cookie' => 'PHPSESSID=tajjjd7jrfjdpb973m549jd1v3',
  'accept-language' => 'zh-CN,zh;q=0.8',
  'accept-encoding' => 'gzip, deflate',
  'accept' => 'text/html,application/xhtml+xml,application/xml;q=0.9,image/webp,image/apng,*/*;q=0.8',
  'user-agent' => 'Mozilla/5.0 (Windows NT 6.1; WOW64) AppleWebKit/537.36 (KHTML, like Gecko) Chrome/60.0.3080.5 Safari/537.36',
  'upgrade-insecure-requests' => '1',
  'connection' => 'close',
  'host' => 'dnds.cn',
)
[ info ] [ PARAM ] array (
)
[ info ] [ RUN ] app\admin\controller\LoginController->index[ E:\lxtx4\application\admin\controller\LoginController.php ]
[ info ] [ VIEW ] E:\lxtx4/application/admin\view\login\index.html [ array (
) ]
[ info ] [ LOG ] INIT File

---------------------------------------------------------------
[ 2017-05-19T11:23:14+08:00 ] 127.0.0.1 127.0.0.1 GET /index.php/captcha.html
[ log ] dnds.cn/index.php/captcha.html [运行时间：0.059003s][吞吐率：16.95req/s] [内存消耗：975.43kb] [文件加载：34]
[ info ] [ LANG ] E:\lxtx4\thinkphp\lang\zh-cn.php
[ info ] [ ROUTE ] array (
  'type' => 'method',
  'method' => 
  array (
    0 => '\\think\\captcha\\CaptchaController',
    1 => 'index',
  ),
)
[ info ] [ HEADER ] array (
  'cookie' => 'PHPSESSID=tajjjd7jrfjdpb973m549jd1v3',
  'accept-language' => 'zh-CN,zh;q=0.8',
  'accept-encoding' => 'gzip, deflate',
  'referer' => 'http://dnds.cn/index.php/admin/login/index.html',
  'accept' => 'image/webp,image/apng,image/*,*/*;q=0.8',
  'user-agent' => 'Mozilla/5.0 (Windows NT 6.1; WOW64) AppleWebKit/537.36 (KHTML, like Gecko) Chrome/60.0.3080.5 Safari/537.36',
  'connection' => 'close',
  'host' => 'dnds.cn',
)
[ info ] [ PARAM ] array (
  'id' => '',
)
[ info ] [ RUN ] think\captcha\CaptchaController->index[ E:\lxtx4\vendor\topthink\think-captcha\src\CaptchaController.php ]
[ info ] [ SESSION ] INIT array (
  'id' => '',
  'var_session_id' => '',
  'prefix' => 'think',
  'type' => '',
  'auto_start' => true,
)
[ info ] [ LOG ] INIT File

---------------------------------------------------------------
[ 2017-05-19T11:23:14+08:00 ] 127.0.0.1 127.0.0.1 GET /favicon.ico
[ log ] dnds.cn/favicon.ico [运行时间：0.023001s][吞吐率：43.48req/s] [内存消耗：987.29kb] [文件加载：37]
[ info ] [ LANG ] E:\lxtx4\thinkphp\lang\zh-cn.php
[ info ] [ ROUTE ] array (
  'type' => 'module',
  'module' => 
  array (
    0 => 'favicon.ico',
    1 => NULL,
    2 => NULL,
  ),
)
[ info ] [ HEADER ] array (
  'cookie' => 'PHPSESSID=tajjjd7jrfjdpb973m549jd1v3',
  'accept-language' => 'zh-CN,zh;q=0.8',
  'accept-encoding' => 'gzip, deflate',
  'referer' => 'http://dnds.cn/index.php/admin/login/index.html',
  'accept' => 'image/webp,image/apng,image/*,*/*;q=0.8',
  'user-agent' => 'Mozilla/5.0 (Windows NT 6.1; WOW64) AppleWebKit/537.36 (KHTML, like Gecko) Chrome/60.0.3080.5 Safari/537.36',
  'connection' => 'close',
  'host' => 'dnds.cn',
)
[ info ] [ PARAM ] array (
  '/favicon_ico' => '',
)
[ info ] [ LOG ] INIT File

---------------------------------------------------------------
[ 2017-05-19T11:23:19+08:00 ] 127.0.0.1 127.0.0.1 POST /index.php/admin/login/login.html
[ log ] dnds.cn/index.php/admin/login/login.html [运行时间：0.396022s][吞吐率：2.53req/s] [内存消耗：1,921.82kb] [文件加载：56]
[ info ] [ LANG ] E:\lxtx4\thinkphp\lang\zh-cn.php
[ info ] [ ROUTE ] array (
  'type' => 'module',
  'module' => 
  array (
    0 => 'admin',
    1 => 'login',
    2 => 'login',
  ),
)
[ info ] [ HEADER ] array (
  'cookie' => 'PHPSESSID=tajjjd7jrfjdpb973m549jd1v3',
  'accept-language' => 'zh-CN,zh;q=0.8',
  'accept-encoding' => 'gzip, deflate',
  'referer' => 'http://dnds.cn/index.php/admin/login/index.html',
  'accept' => 'text/html,application/xhtml+xml,application/xml;q=0.9,image/webp,image/apng,*/*;q=0.8',
  'content-type' => 'application/x-www-form-urlencoded',
  'user-agent' => 'Mozilla/5.0 (Windows NT 6.1; WOW64) AppleWebKit/537.36 (KHTML, like Gecko) Chrome/60.0.3080.5 Safari/537.36',
  'upgrade-insecure-requests' => '1',
  'origin' => 'http://dnds.cn',
  'cache-control' => 'max-age=0',
  'content-length' => '44',
  'connection' => 'close',
  'host' => 'dnds.cn',
)
[ info ] [ PARAM ] array (
  'login_name' => 'admin',
  'login_pwd' => 'admin',
  'verify' => 'upwp',
)
[ info ] [ RUN ] app\admin\controller\LoginController->login[ E:\lxtx4\application\admin\controller\LoginController.php ]
[ info ] [ SESSION ] INIT array (
  'id' => '',
  'var_session_id' => '',
  'prefix' => 'think',
  'type' => '',
  'auto_start' => true,
)
[ info ] [ DB ] INIT mysql
[ info ] [ CACHE ] INIT File
[ info ] [ VIEW ] E:\lxtx4\thinkphp\tpl\dispatch_jump.tpl [ array (
  0 => 'code',
  1 => 'msg',
  2 => 'data',
  3 => 'url',
  4 => 'wait',
) ]
[ info ] [ LOG ] INIT File
[ sql ] [ DB ] CONNECT:[ UseTime:0.135008s ] mysql:dbname=bdm273381195_db;host=bdm273381195.my3w.com;port=3306;charset=utf8
[ sql ] [ SQL ] SHOW COLUMNS FROM `ks_user` [ RunTime:0.060003s ]
[ sql ] [ SQL ] SELECT `id`,`login_name`,`status`,`last_login_time`,`last_login_ip`,`session_id` FROM `ks_user` WHERE  `login_name` = 'admin' LIMIT 1 [ RunTime:0.059004s ]
[ sql ] [ SQL ] UPDATE `ks_user`  SET `last_login_time`='2017-05-19 11:23:19',`last_login_ip`='127.0.0.1',`session_id`='tajjjd7jrfjdpb973m549jd1v3'  WHERE  `id` = 1 [ RunTime:0.062003s ]

---------------------------------------------------------------
[ 2017-05-19T11:23:21+08:00 ] 127.0.0.1 127.0.0.1 GET /index.php/admin/index/index.html
[ log ] dnds.cn/index.php/admin/index/index.html [运行时间：1.294074s][吞吐率：0.77req/s] [内存消耗：1,949.54kb] [文件加载：53]
[ info ] [ LANG ] E:\lxtx4\thinkphp\lang\zh-cn.php
[ info ] [ ROUTE ] array (
  'type' => 'module',
  'module' => 
  array (
    0 => 'admin',
    1 => 'index',
    2 => 'index',
  ),
)
[ info ] [ HEADER ] array (
  'cookie' => 'PHPSESSID=tajjjd7jrfjdpb973m549jd1v3',
  'accept-language' => 'zh-CN,zh;q=0.8',
  'accept-encoding' => 'gzip, deflate',
  'referer' => 'http://dnds.cn/index.php/admin/login/login.html',
  'accept' => 'text/html,application/xhtml+xml,application/xml;q=0.9,image/webp,image/apng,*/*;q=0.8',
  'user-agent' => 'Mozilla/5.0 (Windows NT 6.1; WOW64) AppleWebKit/537.36 (KHTML, like Gecko) Chrome/60.0.3080.5 Safari/537.36',
  'upgrade-insecure-requests' => '1',
  'connection' => 'close',
  'host' => 'dnds.cn',
)
[ info ] [ PARAM ] array (
)
[ info ] [ SESSION ] INIT array (
  'id' => '',
  'var_session_id' => '',
  'prefix' => 'think',
  'type' => '',
  'auto_start' => true,
)
[ info ] [ DB ] INIT mysql
[ info ] [ RUN ] app\admin\controller\IndexController->index[ E:\lxtx4\application\admin\controller\IndexController.php ]
[ info ] [ DB ] INIT mysql
[ info ] [ DB ] INIT mysql
[ info ] [ DB ] INIT mysql
[ info ] [ VIEW ] E:\lxtx4/application/admin\view\index\index.html [ array (
  0 => 'menu',
  1 => 'controller',
  2 => 'total_member',
  3 => 'today_member',
  4 => 'today_login',
) ]
[ info ] [ LOG ] INIT File
[ sql ] [ DB ] CONNECT:[ UseTime:0.108006s ] mysql:dbname=bdm273381195_db;host=bdm273381195.my3w.com;port=3306;charset=utf8
[ sql ] [ SQL ] SHOW COLUMNS FROM `ks_auth_rule` [ RunTime:0.074004s ]
[ sql ] [ SQL ] SELECT * FROM `ks_auth_rule` WHERE  `status` = 1 ORDER BY `sort`  asc,`id`  asc [ RunTime:0.072005s ]
[ sql ] [ SQL ] SHOW COLUMNS FROM `ks_auth_group_access` [ RunTime:0.072004s ]
[ sql ] [ SQL ] SELECT `AuthGroupAccess`.`uid`,`AuthGroupAccess`.`group_id`,`AuthGroup`.`title`,`AuthGroup`.`rules` FROM `ks_auth_group_access` `AuthGroupAccess` LEFT JOIN `ks_auth_group` `AuthGroup` ON `AuthGroupAccess`.`group_id`=`AuthGroup`.`id` WHERE  (  AuthGroupAccess.uid='1' and AuthGroup.status='1' ) [ RunTime:0.072004s ]
[ sql ] [ SQL ] SELECT `condition`,`name` FROM `ks_auth_rule` WHERE  `id` IN (1,2,3,6,7,8,9,10,11,17,44,45,46,47,48,19,31,32,33,34,35,36,37,14,13,20,21,22,23,24,15,25,26,27,28,29,30,54,57,56,55,58,59)  AND `type` = 1 [ RunTime:0.072004s ]
[ sql ] [ SQL ] SHOW COLUMNS FROM `ks_user` [ RunTime:0.073004s ]
[ sql ] [ SQL ] SELECT `session_id` FROM `ks_user` WHERE  `id` = 1 LIMIT 1 [ RunTime:0.070004s ]
[ sql ] [ DB ] CONNECT:[ UseTime:0.095006s ] mysql:dbname=bdm273381195_db;host=bdm273381195.my3w.com;port=3306;charset=utf8
[ sql ] [ SQL ] SHOW COLUMNS FROM `ks_member` [ RunTime:0.061003s ]
[ sql ] [ SQL ] SELECT COUNT(*) AS tp_count FROM `ks_member` LIMIT 1 [ RunTime:0.061004s ]
[ sql ] [ DB ] CONNECT:[ UseTime:0.105006s ] mysql:dbname=bdm273381195_db;host=bdm273381195.my3w.com;port=3306;charset=utf8
[ sql ] [ SQL ] SELECT COUNT(*) AS tp_count FROM `ks_member` WHERE  (  to_days(add_time)=to_days(now()) ) LIMIT 1 [ RunTime:0.066004s ]
[ sql ] [ DB ] CONNECT:[ UseTime:0.164009s ] mysql:dbname=bdm273381195_db;host=bdm273381195.my3w.com;port=3306;charset=utf8
[ sql ] [ SQL ] SELECT COUNT(*) AS tp_count FROM `ks_member` WHERE  (  to_days(login_time)=to_days(now()) ) LIMIT 1 [ RunTime:0.061004s ]

---------------------------------------------------------------
