[ 2017-05-26T09:41:43+08:00 ] 127.0.0.1 127.0.0.1 GET /
[ log ] dnds.cn/ [运行时间：0.482027s][吞吐率：2.07req/s] [内存消耗：1,348.47kb] [文件加载：47]
[ info ] [ LANG ] E:\lxtx4\thinkphp\lang\zh-cn.php
[ info ] [ ROUTE ] array (
  'type' => 'module',
  'module' => 
  array (
    0 => '',
    1 => NULL,
    2 => NULL,
  ),
)
[ info ] [ HEADER ] array (
  'accept-language' => 'zh-CN,zh;q=0.8',
  'accept-encoding' => 'gzip, deflate',
  'accept' => 'text/html,application/xhtml+xml,application/xml;q=0.9,image/webp,image/apng,*/*;q=0.8',
  'user-agent' => 'Mozilla/5.0 (Windows NT 6.1; WOW64) AppleWebKit/537.36 (KHTML, like Gecko) Chrome/60.0.3080.5 Safari/537.36',
  'upgrade-insecure-requests' => '1',
  'connection' => 'close',
  'host' => 'dnds.cn',
)
[ info ] [ PARAM ] array (
)
[ info ] [ RUN ] app\index\controller\IndexController->index[ E:\lxtx4\application\index\controller\IndexController.php ]
[ info ] [ VIEW ] E:\lxtx4/application/index\view\index\index.html [ array (
) ]
[ info ] [ LOG ] INIT File

---------------------------------------------------------------
[ 2017-05-26T09:41:43+08:00 ] 127.0.0.1 127.0.0.1 GET /favicon.ico
[ log ] dnds.cn/favicon.ico [运行时间：0.077004s][吞吐率：12.99req/s] [内存消耗：986.97kb] [文件加载：37]
[ info ] [ LANG ] E:\lxtx4\thinkphp\lang\zh-cn.php
[ info ] [ ROUTE ] array (
  'type' => 'module',
  'module' => 
  array (
    0 => 'favicon.ico',
    1 => NULL,
    2 => NULL,
  ),
)
[ info ] [ HEADER ] array (
  'accept-language' => 'zh-CN,zh;q=0.8',
  'accept-encoding' => 'gzip, deflate',
  'referer' => 'http://dnds.cn/',
  'accept' => 'image/webp,image/apng,image/*,*/*;q=0.8',
  'user-agent' => 'Mozilla/5.0 (Windows NT 6.1; WOW64) AppleWebKit/537.36 (KHTML, like Gecko) Chrome/60.0.3080.5 Safari/537.36',
  'connection' => 'close',
  'host' => 'dnds.cn',
)
[ info ] [ PARAM ] array (
  '/favicon_ico' => '',
)
[ info ] [ LOG ] INIT File

---------------------------------------------------------------
